[========================================]
[Wed May 2 2012 11:24:52] Opened file
	{ dynstdpden.7.log }
[Wed May 2 2012 11:24:52] Changed begin
	{ begin=0 }
[Wed May 2 2012 11:24:52] Changed end
	{ end=59999 }
[Wed May 2 2012 11:24:52] Changed step
	{ step=0.05 }
[Wed May 2 2012 11:25:30] Started
	{ begin=0, end=59999, step=0.05 }
[Wed May 2 2012 11:25:34] Stopped
	{ current=909.9 }
[Wed May 2 2012 11:25:41] Closed file and log.
[========================================]
[========================================]
[Wed May 2 2012 12:04:08] Opened file
	{ dynstdpden.7.log }
[Wed May 2 2012 12:04:08] Changed begin
	{ begin=0 }
[Wed May 2 2012 12:04:08] Changed end
	{ end=59999 }
[Wed May 2 2012 12:04:08] Changed step
	{ step=0.05 }
[Wed May 2 2012 12:05:53] Closed file and log.
[========================================]
[========================================]
[Wed May 2 2012 12:06:17] Opened file
	{ dynstdpden.7.log }
[Wed May 2 2012 12:06:17] Changed begin
	{ begin=0 }
[Wed May 2 2012 12:06:17] Changed end
	{ end=59999 }
[Wed May 2 2012 12:06:17] Changed step
	{ step=0.05 }
[Wed May 2 2012 12:06:43] Closed file and log.
[========================================]
[========================================]
[Wed May 2 2012 12:25:51] Opened file
	{ dynstdpden.7.log }
[Wed May 2 2012 12:25:51] Changed begin
	{ begin=0 }
[Wed May 2 2012 12:25:51] Changed end
	{ end=59999 }
[Wed May 2 2012 12:25:51] Changed step
	{ step=0.05 }
[Wed May 2 2012 12:33:18] Closed file and log.
[========================================]
[========================================]
[Wed May 2 2012 12:56:17] Opened file
	{ dynstdpden.7.log }
[Wed May 2 2012 12:56:18] Changed begin
	{ begin=0 }
[Wed May 2 2012 12:56:18] Changed end
	{ end=59999 }
[Wed May 2 2012 12:56:18] Changed step
	{ step=0.05 }
[Wed May 2 2012 12:57:01] Started
	{ begin=0, end=59999, step=0.05 }
[Wed May 2 2012 14:05:04] Closed file and log.
[========================================]
